c:\users\unknown\documents\github\mfchat\mfchat_server\mfchat_server\debug\mfchat_server.pch
c:\users\unknown\documents\github\mfchat\mfchat_server\mfchat_server\debug\vc141.pdb
c:\users\unknown\documents\github\mfchat\mfchat_server\mfchat_server\debug\vc141.idb
c:\users\unknown\documents\github\mfchat\mfchat_server\mfchat_server\debug\stdafx.obj
c:\users\unknown\documents\github\mfchat\mfchat_server\mfchat_server\debug\mfchat_serverdlg.obj
c:\users\unknown\documents\github\mfchat\mfchat_server\mfchat_server\debug\mfchat_server.obj
c:\users\unknown\documents\github\mfchat\mfchat_server\mfchat_server\debug\clistensocket.obj
c:\users\unknown\documents\github\mfchat\mfchat_server\debug\mfchat_server.exe
c:\users\unknown\documents\github\mfchat\mfchat_server\debug\mfchat_server.ilk
c:\users\unknown\documents\github\mfchat\mfchat_server\debug\mfchat_server.pdb
c:\users\unknown\documents\github\mfchat\mfchat_server\mfchat_server\debug\mfchatserver.res
c:\users\unknown\documents\github\mfchat\mfchat_server\mfchat_server\debug\mfchat_server.tlog\cl.command.1.tlog
c:\users\unknown\documents\github\mfchat\mfchat_server\mfchat_server\debug\mfchat_server.tlog\cl.read.1.tlog
c:\users\unknown\documents\github\mfchat\mfchat_server\mfchat_server\debug\mfchat_server.tlog\cl.write.1.tlog
c:\users\unknown\documents\github\mfchat\mfchat_server\mfchat_server\debug\mfchat_server.tlog\link.command.1.tlog
c:\users\unknown\documents\github\mfchat\mfchat_server\mfchat_server\debug\mfchat_server.tlog\link.read.1.tlog
c:\users\unknown\documents\github\mfchat\mfchat_server\mfchat_server\debug\mfchat_server.tlog\link.write.1.tlog
c:\users\unknown\documents\github\mfchat\mfchat_server\mfchat_server\debug\mfchat_server.tlog\rc.command.1.tlog
c:\users\unknown\documents\github\mfchat\mfchat_server\mfchat_server\debug\mfchat_server.tlog\rc.read.1.tlog
c:\users\unknown\documents\github\mfchat\mfchat_server\mfchat_server\debug\mfchat_server.tlog\rc.write.1.tlog
